

Started GET "/" for ::1 at 2015-03-08 17:28:18 -0700
Processing by StaticPagesController#home as HTML
  Rendered static_pages/home.html.slim within layouts/application (17.5ms)
Completed 200 OK in 946ms (Views: 931.7ms | ActiveRecord: 0.0ms)


Started GET "/assets/static_pages.css?body=1" for ::1 at 2015-03-08 17:28:20 -0700


Started GET "/assets/jquery_ujs.js?body=1" for ::1 at 2015-03-08 17:28:20 -0700


Started GET "/assets/turbolinks.js?body=1" for ::1 at 2015-03-08 17:28:20 -0700


Started GET "/assets/jquery.js?body=1" for ::1 at 2015-03-08 17:28:20 -0700


Started GET "/assets/application.css?body=1" for ::1 at 2015-03-08 17:28:20 -0700


Started GET "/assets/static_pages.js?body=1" for ::1 at 2015-03-08 17:28:20 -0700


Started GET "/assets/application.js?body=1" for ::1 at 2015-03-08 17:28:20 -0700
  [1m[36m (35.1ms)[0m  [1mCREATE TABLE "schema_migrations" ("version" character varying NOT NULL) [0m
  [1m[35m (5.4ms)[0m  CREATE UNIQUE INDEX  "unique_schema_migrations" ON "schema_migrations"  ("version")
  [1m[36mActiveRecord::SchemaMigration Load (1.1ms)[0m  [1mSELECT "schema_migrations".* FROM "schema_migrations"[0m
Migrating to CreateUsers (20150309053412)
  [1m[35m (0.5ms)[0m  BEGIN
  [1m[36m (21.7ms)[0m  [1mCREATE TABLE "users" ("id" serial primary key, "name" character varying, "email" character varying, "created_at" timestamp NOT NULL, "updated_at" timestamp NOT NULL) [0m
  [1m[35mSQL (2.5ms)[0m  INSERT INTO "schema_migrations" ("version") VALUES ($1)  [["version", "20150309053412"]]
  [1m[36m (1.1ms)[0m  [1mCOMMIT[0m
  [1m[35mActiveRecord::SchemaMigration Load (1.3ms)[0m  SELECT "schema_migrations".* FROM "schema_migrations"
  [1m[36m (21.1ms)[0m  [1mSELECT t2.oid::regclass::text AS to_table, a1.attname AS column, a2.attname AS primary_key, c.conname AS name, c.confupdtype AS on_update, c.confdeltype AS on_delete
FROM pg_constraint c
JOIN pg_class t1 ON c.conrelid = t1.oid
JOIN pg_class t2 ON c.confrelid = t2.oid
JOIN pg_attribute a1 ON a1.attnum = c.conkey[1] AND a1.attrelid = t1.oid
JOIN pg_attribute a2 ON a2.attnum = c.confkey[1] AND a2.attrelid = t2.oid
JOIN pg_namespace t3 ON c.connamespace = t3.oid
WHERE c.contype = 'f'
  AND t1.relname = 'users'
  AND t3.nspname = ANY (current_schemas(false))
ORDER BY c.conname
[0m
  [1m[36mActiveRecord::SchemaMigration Load (1.0ms)[0m  [1mSELECT "schema_migrations".* FROM "schema_migrations"[0m
Migrating to AddAttributesToUser (20150309053906)
  [1m[35m (0.3ms)[0m  BEGIN
  [1m[36m (5.2ms)[0m  [1mALTER TABLE "users" ADD "name" character varying[0m
PG::DuplicateColumn: ERROR:  column "name" of relation "users" already exists
: ALTER TABLE "users" ADD "name" character varying
  [1m[35m (0.2ms)[0m  ROLLBACK
  [1m[36mActiveRecord::SchemaMigration Load (2.3ms)[0m  [1mSELECT "schema_migrations".* FROM "schema_migrations"[0m
Migrating to AddIndexToUsersEmail (20150309055054)
  [1m[35m (0.5ms)[0m  BEGIN
  [1m[36mSQL (2.8ms)[0m  [1mINSERT INTO "schema_migrations" ("version") VALUES ($1)[0m  [["version", "20150309055054"]]
  [1m[35m (1.7ms)[0m  COMMIT
  [1m[36mActiveRecord::SchemaMigration Load (0.6ms)[0m  [1mSELECT "schema_migrations".* FROM "schema_migrations"[0m
  [1m[35m (15.5ms)[0m  SELECT t2.oid::regclass::text AS to_table, a1.attname AS column, a2.attname AS primary_key, c.conname AS name, c.confupdtype AS on_update, c.confdeltype AS on_delete
FROM pg_constraint c
JOIN pg_class t1 ON c.conrelid = t1.oid
JOIN pg_class t2 ON c.confrelid = t2.oid
JOIN pg_attribute a1 ON a1.attnum = c.conkey[1] AND a1.attrelid = t1.oid
JOIN pg_attribute a2 ON a2.attnum = c.confkey[1] AND a2.attrelid = t2.oid
JOIN pg_namespace t3 ON c.connamespace = t3.oid
WHERE c.contype = 'f'
  AND t1.relname = 'users'
  AND t3.nspname = ANY (current_schemas(false))
ORDER BY c.conname

  [1m[36mActiveRecord::SchemaMigration Load (1.7ms)[0m  [1mSELECT "schema_migrations".* FROM "schema_migrations"[0m
Migrating to AddPasswordDigestToUsers (20150309055407)
  [1m[35m (0.6ms)[0m  BEGIN
  [1m[36m (8.5ms)[0m  [1mALTER TABLE "users" ADD "password_digest" character varying[0m
  [1m[35mSQL (0.9ms)[0m  INSERT INTO "schema_migrations" ("version") VALUES ($1)  [["version", "20150309055407"]]
  [1m[36m (1.7ms)[0m  [1mCOMMIT[0m
  [1m[35mActiveRecord::SchemaMigration Load (2.3ms)[0m  SELECT "schema_migrations".* FROM "schema_migrations"
  [1m[36m (21.2ms)[0m  [1mSELECT t2.oid::regclass::text AS to_table, a1.attname AS column, a2.attname AS primary_key, c.conname AS name, c.confupdtype AS on_update, c.confdeltype AS on_delete
FROM pg_constraint c
JOIN pg_class t1 ON c.conrelid = t1.oid
JOIN pg_class t2 ON c.confrelid = t2.oid
JOIN pg_attribute a1 ON a1.attnum = c.conkey[1] AND a1.attrelid = t1.oid
JOIN pg_attribute a2 ON a2.attnum = c.confkey[1] AND a2.attrelid = t2.oid
JOIN pg_namespace t3 ON c.connamespace = t3.oid
WHERE c.contype = 'f'
  AND t1.relname = 'users'
  AND t3.nspname = ANY (current_schemas(false))
ORDER BY c.conname
[0m


Started GET "/" for ::1 at 2015-03-08 23:21:27 -0700
  [1m[36mActiveRecord::SchemaMigration Load (10.9ms)[0m  [1mSELECT "schema_migrations".* FROM "schema_migrations"[0m
Processing by StaticPagesController#home as HTML
  Rendered static_pages/home.html.slim within layouts/application (105.9ms)
Completed 200 OK in 3106ms (Views: 3051.3ms | ActiveRecord: 0.0ms)


Started GET "/assets/static_pages.css?body=1" for ::1 at 2015-03-08 23:21:34 -0700


Started GET "/assets/users.css?body=1" for ::1 at 2015-03-08 23:21:34 -0700


Started GET "/assets/application.css?body=1" for ::1 at 2015-03-08 23:21:34 -0700


Started GET "/assets/turbolinks.js?body=1" for ::1 at 2015-03-08 23:21:34 -0700


Started GET "/assets/jquery_ujs.js?body=1" for ::1 at 2015-03-08 23:21:34 -0700


Started GET "/assets/jquery.js?body=1" for ::1 at 2015-03-08 23:21:34 -0700


Started GET "/assets/static_pages.js?body=1" for ::1 at 2015-03-08 23:21:34 -0700


Started GET "/assets/users.js?body=1" for ::1 at 2015-03-08 23:21:34 -0700


Started GET "/assets/application.js?body=1" for ::1 at 2015-03-08 23:21:34 -0700


Started GET "/" for ::1 at 2015-03-08 23:40:18 -0700

PG::ConnectionBad (could not connect to server: No such file or directory
	Is the server running locally and accepting
	connections on Unix domain socket "/tmp/.s.PGSQL.5432"?
):
  activerecord (4.2.0) lib/active_record/connection_adapters/postgresql_adapter.rb:651:in `initialize'
  activerecord (4.2.0) lib/active_record/connection_adapters/postgresql_adapter.rb:651:in `new'
  activerecord (4.2.0) lib/active_record/connection_adapters/postgresql_adapter.rb:651:in `connect'
  activerecord (4.2.0) lib/active_record/connection_adapters/postgresql_adapter.rb:242:in `initialize'
  activerecord (4.2.0) lib/active_record/connection_adapters/postgresql_adapter.rb:44:in `new'
  activerecord (4.2.0) lib/active_record/connection_adapters/postgresql_adapter.rb:44:in `postgresql_connection'
  activerecord (4.2.0) lib/active_record/connection_adapters/abstract/connection_pool.rb:436:in `new_connection'
  activerecord (4.2.0) lib/active_record/connection_adapters/abstract/connection_pool.rb:446:in `checkout_new_connection'
  activerecord (4.2.0) lib/active_record/connection_adapters/abstract/connection_pool.rb:422:in `acquire_connection'
  activerecord (4.2.0) lib/active_record/connection_adapters/abstract/connection_pool.rb:349:in `block in checkout'
  /Users/andrewjkerr/.rvm/rubies/ruby-2.2.0/lib/ruby/2.2.0/monitor.rb:211:in `mon_synchronize'
  activerecord (4.2.0) lib/active_record/connection_adapters/abstract/connection_pool.rb:348:in `checkout'
  activerecord (4.2.0) lib/active_record/connection_adapters/abstract/connection_pool.rb:263:in `block in connection'
  /Users/andrewjkerr/.rvm/rubies/ruby-2.2.0/lib/ruby/2.2.0/monitor.rb:211:in `mon_synchronize'
  activerecord (4.2.0) lib/active_record/connection_adapters/abstract/connection_pool.rb:262:in `connection'
  activerecord (4.2.0) lib/active_record/connection_adapters/abstract/connection_pool.rb:565:in `retrieve_connection'
  activerecord (4.2.0) lib/active_record/connection_handling.rb:113:in `retrieve_connection'
  activerecord (4.2.0) lib/active_record/connection_handling.rb:87:in `connection'
  activerecord (4.2.0) lib/active_record/migration.rb:384:in `connection'
  activerecord (4.2.0) lib/active_record/migration.rb:371:in `call'
  actionpack (4.2.0) lib/action_dispatch/middleware/callbacks.rb:29:in `block in call'
  activesupport (4.2.0) lib/active_support/callbacks.rb:88:in `call'
  activesupport (4.2.0) lib/active_support/callbacks.rb:88:in `_run_callbacks'
  activesupport (4.2.0) lib/active_support/callbacks.rb:734:in `_run_call_callbacks'
  activesupport (4.2.0) lib/active_support/callbacks.rb:81:in `run_callbacks'
  actionpack (4.2.0) lib/action_dispatch/middleware/callbacks.rb:27:in `call'
  actionpack (4.2.0) lib/action_dispatch/middleware/reloader.rb:73:in `call'
  actionpack (4.2.0) lib/action_dispatch/middleware/remote_ip.rb:78:in `call'
  actionpack (4.2.0) lib/action_dispatch/middleware/debug_exceptions.rb:17:in `call'
  actionpack (4.2.0) lib/action_dispatch/middleware/show_exceptions.rb:30:in `call'
  railties (4.2.0) lib/rails/rack/logger.rb:38:in `call_app'
  railties (4.2.0) lib/rails/rack/logger.rb:20:in `block in call'
  activesupport (4.2.0) lib/active_support/tagged_logging.rb:68:in `block in tagged'
  activesupport (4.2.0) lib/active_support/tagged_logging.rb:26:in `tagged'
  activesupport (4.2.0) lib/active_support/tagged_logging.rb:68:in `tagged'
  railties (4.2.0) lib/rails/rack/logger.rb:20:in `call'
  actionpack (4.2.0) lib/action_dispatch/middleware/request_id.rb:21:in `call'
  rack (1.6.0) lib/rack/methodoverride.rb:22:in `call'
  rack (1.6.0) lib/rack/runtime.rb:18:in `call'
  activesupport (4.2.0) lib/active_support/cache/strategy/local_cache_middleware.rb:28:in `call'
  rack (1.6.0) lib/rack/lock.rb:17:in `call'
  actionpack (4.2.0) lib/action_dispatch/middleware/static.rb:113:in `call'
  rack (1.6.0) lib/rack/sendfile.rb:113:in `call'
  railties (4.2.0) lib/rails/engine.rb:518:in `call'
  railties (4.2.0) lib/rails/application.rb:164:in `call'
  rack (1.6.0) lib/rack/content_length.rb:15:in `call'
  puma (2.9.2) lib/puma/server.rb:490:in `handle_request'
  puma (2.9.2) lib/puma/server.rb:361:in `process_client'
  puma (2.9.2) lib/puma/server.rb:254:in `block in run'
  puma (2.9.2) lib/puma/thread_pool.rb:92:in `call'
  puma (2.9.2) lib/puma/thread_pool.rb:92:in `block in spawn_thread'


  Rendered /Users/andrewjkerr/.rvm/gems/ruby-2.2.0/gems/actionpack-4.2.0/lib/action_dispatch/middleware/templates/rescues/_source.erb (17.1ms)
  Rendered /Users/andrewjkerr/.rvm/gems/ruby-2.2.0/gems/actionpack-4.2.0/lib/action_dispatch/middleware/templates/rescues/_trace.html.erb (4.7ms)
  Rendered /Users/andrewjkerr/.rvm/gems/ruby-2.2.0/gems/actionpack-4.2.0/lib/action_dispatch/middleware/templates/rescues/_request_and_response.html.erb (1.9ms)
  Rendered /Users/andrewjkerr/.rvm/gems/ruby-2.2.0/gems/actionpack-4.2.0/lib/action_dispatch/middleware/templates/rescues/diagnostics.html.erb within rescues/layout (153.9ms)


Started GET "/" for ::1 at 2015-03-08 23:40:19 -0700

PG::ConnectionBad (could not connect to server: No such file or directory
	Is the server running locally and accepting
	connections on Unix domain socket "/tmp/.s.PGSQL.5432"?
):
  activerecord (4.2.0) lib/active_record/connection_adapters/postgresql_adapter.rb:651:in `initialize'
  activerecord (4.2.0) lib/active_record/connection_adapters/postgresql_adapter.rb:651:in `new'
  activerecord (4.2.0) lib/active_record/connection_adapters/postgresql_adapter.rb:651:in `connect'
  activerecord (4.2.0) lib/active_record/connection_adapters/postgresql_adapter.rb:242:in `initialize'
  activerecord (4.2.0) lib/active_record/connection_adapters/postgresql_adapter.rb:44:in `new'
  activerecord (4.2.0) lib/active_record/connection_adapters/postgresql_adapter.rb:44:in `postgresql_connection'
  activerecord (4.2.0) lib/active_record/connection_adapters/abstract/connection_pool.rb:436:in `new_connection'
  activerecord (4.2.0) lib/active_record/connection_adapters/abstract/connection_pool.rb:446:in `checkout_new_connection'
  activerecord (4.2.0) lib/active_record/connection_adapters/abstract/connection_pool.rb:422:in `acquire_connection'
  activerecord (4.2.0) lib/active_record/connection_adapters/abstract/connection_pool.rb:349:in `block in checkout'
  /Users/andrewjkerr/.rvm/rubies/ruby-2.2.0/lib/ruby/2.2.0/monitor.rb:211:in `mon_synchronize'
  activerecord (4.2.0) lib/active_record/connection_adapters/abstract/connection_pool.rb:348:in `checkout'
  activerecord (4.2.0) lib/active_record/connection_adapters/abstract/connection_pool.rb:263:in `block in connection'
  /Users/andrewjkerr/.rvm/rubies/ruby-2.2.0/lib/ruby/2.2.0/monitor.rb:211:in `mon_synchronize'
  activerecord (4.2.0) lib/active_record/connection_adapters/abstract/connection_pool.rb:262:in `connection'
  activerecord (4.2.0) lib/active_record/connection_adapters/abstract/connection_pool.rb:565:in `retrieve_connection'
  activerecord (4.2.0) lib/active_record/connection_handling.rb:113:in `retrieve_connection'
  activerecord (4.2.0) lib/active_record/connection_handling.rb:87:in `connection'
  activerecord (4.2.0) lib/active_record/migration.rb:384:in `connection'
  activerecord (4.2.0) lib/active_record/migration.rb:371:in `call'
  actionpack (4.2.0) lib/action_dispatch/middleware/callbacks.rb:29:in `block in call'
  activesupport (4.2.0) lib/active_support/callbacks.rb:88:in `call'
  activesupport (4.2.0) lib/active_support/callbacks.rb:88:in `_run_callbacks'
  activesupport (4.2.0) lib/active_support/callbacks.rb:734:in `_run_call_callbacks'
  activesupport (4.2.0) lib/active_support/callbacks.rb:81:in `run_callbacks'
  actionpack (4.2.0) lib/action_dispatch/middleware/callbacks.rb:27:in `call'
  actionpack (4.2.0) lib/action_dispatch/middleware/reloader.rb:73:in `call'
  actionpack (4.2.0) lib/action_dispatch/middleware/remote_ip.rb:78:in `call'
  actionpack (4.2.0) lib/action_dispatch/middleware/debug_exceptions.rb:17:in `call'
  actionpack (4.2.0) lib/action_dispatch/middleware/show_exceptions.rb:30:in `call'
  railties (4.2.0) lib/rails/rack/logger.rb:38:in `call_app'
  railties (4.2.0) lib/rails/rack/logger.rb:20:in `block in call'
  activesupport (4.2.0) lib/active_support/tagged_logging.rb:68:in `block in tagged'
  activesupport (4.2.0) lib/active_support/tagged_logging.rb:26:in `tagged'
  activesupport (4.2.0) lib/active_support/tagged_logging.rb:68:in `tagged'
  railties (4.2.0) lib/rails/rack/logger.rb:20:in `call'
  actionpack (4.2.0) lib/action_dispatch/middleware/request_id.rb:21:in `call'
  rack (1.6.0) lib/rack/methodoverride.rb:22:in `call'
  rack (1.6.0) lib/rack/runtime.rb:18:in `call'
  activesupport (4.2.0) lib/active_support/cache/strategy/local_cache_middleware.rb:28:in `call'
  rack (1.6.0) lib/rack/lock.rb:17:in `call'
  actionpack (4.2.0) lib/action_dispatch/middleware/static.rb:113:in `call'
  rack (1.6.0) lib/rack/sendfile.rb:113:in `call'
  railties (4.2.0) lib/rails/engine.rb:518:in `call'
  railties (4.2.0) lib/rails/application.rb:164:in `call'
  rack (1.6.0) lib/rack/content_length.rb:15:in `call'
  puma (2.9.2) lib/puma/server.rb:490:in `handle_request'
  puma (2.9.2) lib/puma/server.rb:361:in `process_client'
  puma (2.9.2) lib/puma/server.rb:254:in `block in run'
  puma (2.9.2) lib/puma/thread_pool.rb:92:in `call'
  puma (2.9.2) lib/puma/thread_pool.rb:92:in `block in spawn_thread'


  Rendered /Users/andrewjkerr/.rvm/gems/ruby-2.2.0/gems/actionpack-4.2.0/lib/action_dispatch/middleware/templates/rescues/_source.erb (10.2ms)
  Rendered /Users/andrewjkerr/.rvm/gems/ruby-2.2.0/gems/actionpack-4.2.0/lib/action_dispatch/middleware/templates/rescues/_trace.html.erb (7.5ms)
  Rendered /Users/andrewjkerr/.rvm/gems/ruby-2.2.0/gems/actionpack-4.2.0/lib/action_dispatch/middleware/templates/rescues/_request_and_response.html.erb (2.2ms)
  Rendered /Users/andrewjkerr/.rvm/gems/ruby-2.2.0/gems/actionpack-4.2.0/lib/action_dispatch/middleware/templates/rescues/diagnostics.html.erb within rescues/layout (164.1ms)


Started GET "/" for ::1 at 2015-03-08 23:40:36 -0700
  [1m[36mActiveRecord::SchemaMigration Load (3.3ms)[0m  [1mSELECT "schema_migrations".* FROM "schema_migrations"[0m
Processing by StaticPagesController#home as HTML
  Rendered static_pages/home.html.slim within layouts/application (38.3ms)
Completed 200 OK in 336ms (Views: 312.9ms | ActiveRecord: 0.0ms)


Started GET "/assets/static_pages.css?body=1" for ::1 at 2015-03-08 23:40:37 -0700


Started GET "/assets/users.css?body=1" for ::1 at 2015-03-08 23:40:37 -0700


Started GET "/assets/application.css?body=1" for ::1 at 2015-03-08 23:40:37 -0700


Started GET "/assets/jquery.js?body=1" for ::1 at 2015-03-08 23:40:37 -0700


Started GET "/assets/static_pages.js?body=1" for ::1 at 2015-03-08 23:40:37 -0700


Started GET "/assets/jquery_ujs.js?body=1" for ::1 at 2015-03-08 23:40:37 -0700


Started GET "/assets/turbolinks.js?body=1" for ::1 at 2015-03-08 23:40:37 -0700


Started GET "/assets/users.js?body=1" for ::1 at 2015-03-08 23:40:37 -0700


Started GET "/assets/application.js?body=1" for ::1 at 2015-03-08 23:40:37 -0700


Started GET "/users/1" for ::1 at 2015-03-08 23:40:55 -0700
Processing by UsersController#show as HTML
  Parameters: {"id"=>"1"}
  [1m[35mUser Load (1.5ms)[0m  SELECT  "users".* FROM "users" WHERE "users"."id" = $1 LIMIT 1  [["id", 1]]
Completed 404 Not Found in 112ms

ActiveRecord::RecordNotFound (Couldn't find User with 'id'=1):
  app/controllers/users_controller.rb:6:in `show'


  Rendered /Users/andrewjkerr/.rvm/gems/ruby-2.2.0/gems/actionpack-4.2.0/lib/action_dispatch/middleware/templates/rescues/_source.erb (15.8ms)
  Rendered /Users/andrewjkerr/.rvm/gems/ruby-2.2.0/gems/actionpack-4.2.0/lib/action_dispatch/middleware/templates/rescues/_trace.html.erb (6.9ms)
  Rendered /Users/andrewjkerr/.rvm/gems/ruby-2.2.0/gems/actionpack-4.2.0/lib/action_dispatch/middleware/templates/rescues/_request_and_response.html.erb (2.4ms)
  Rendered /Users/andrewjkerr/.rvm/gems/ruby-2.2.0/gems/actionpack-4.2.0/lib/action_dispatch/middleware/templates/rescues/diagnostics.html.erb within rescues/layout (158.6ms)


Started GET "/signup" for ::1 at 2015-03-08 23:48:40 -0700
Processing by UsersController#new as HTML
  Rendered users/new.html.slim within layouts/application (970.9ms)
Completed 200 OK in 1163ms (Views: 1130.8ms | ActiveRecord: 4.6ms)


Started GET "/assets/static_pages.css?body=1" for ::1 at 2015-03-08 23:48:42 -0700


Started GET "/assets/application.css?body=1" for ::1 at 2015-03-08 23:48:42 -0700


Started GET "/assets/users.css?body=1" for ::1 at 2015-03-08 23:48:42 -0700


Started GET "/assets/jquery.js?body=1" for ::1 at 2015-03-08 23:48:42 -0700


Started GET "/assets/jquery_ujs.js?body=1" for ::1 at 2015-03-08 23:48:42 -0700


Started GET "/assets/turbolinks.js?body=1" for ::1 at 2015-03-08 23:48:42 -0700


Started GET "/assets/static_pages.js?body=1" for ::1 at 2015-03-08 23:48:42 -0700


Started GET "/assets/users.js?body=1" for ::1 at 2015-03-08 23:48:42 -0700


Started GET "/assets/application.js?body=1" for ::1 at 2015-03-08 23:48:42 -0700


Started GET "/signup" for ::1 at 2015-03-08 23:48:56 -0700
Processing by UsersController#new as HTML
  Rendered users/new.html.slim within layouts/application (40.5ms)
Completed 500 Internal Server Error in 54ms

ActionView::Template::Error (undefined local variable or method `f' for #<#<Class:0x007fabc588ad38>:0x007fabc4e740b0>):
     7:   = f.text_field :name
     8: 
     9: p
    10:   = f.label :email
    11:   = f.email_field :email
    12: p
    13:   = f.label :password
  app/views/users/new.html.slim:10:in `_app_views_users_new_html_slim___4323201184102237900_70187837304460'


  Rendered /Users/andrewjkerr/.rvm/gems/ruby-2.2.0/gems/actionpack-4.2.0/lib/action_dispatch/middleware/templates/rescues/_source.erb (27.7ms)
  Rendered /Users/andrewjkerr/.rvm/gems/ruby-2.2.0/gems/actionpack-4.2.0/lib/action_dispatch/middleware/templates/rescues/_trace.html.erb (11.2ms)
  Rendered /Users/andrewjkerr/.rvm/gems/ruby-2.2.0/gems/actionpack-4.2.0/lib/action_dispatch/middleware/templates/rescues/_request_and_response.html.erb (3.9ms)
  Rendered /Users/andrewjkerr/.rvm/gems/ruby-2.2.0/gems/actionpack-4.2.0/lib/action_dispatch/middleware/templates/rescues/template_error.html.erb within rescues/layout (242.7ms)


Started GET "/signup" for ::1 at 2015-03-08 23:49:03 -0700
Processing by UsersController#new as HTML
  Rendered users/new.html.slim within layouts/application (18.6ms)
Completed 200 OK in 195ms (Views: 193.3ms | ActiveRecord: 0.0ms)


Started GET "/assets/static_pages.css?body=1" for ::1 at 2015-03-08 23:49:03 -0700


Started GET "/assets/users.css?body=1" for ::1 at 2015-03-08 23:49:03 -0700


Started GET "/assets/application.css?body=1" for ::1 at 2015-03-08 23:49:03 -0700


Started GET "/assets/jquery_ujs.js?body=1" for ::1 at 2015-03-08 23:49:03 -0700


Started GET "/assets/turbolinks.js?body=1" for ::1 at 2015-03-08 23:49:03 -0700


Started GET "/assets/jquery.js?body=1" for ::1 at 2015-03-08 23:49:03 -0700


Started GET "/assets/static_pages.js?body=1" for ::1 at 2015-03-08 23:49:03 -0700


Started GET "/assets/users.js?body=1" for ::1 at 2015-03-08 23:49:03 -0700


Started GET "/assets/application.js?body=1" for ::1 at 2015-03-08 23:49:03 -0700


Started POST "/users" for ::1 at 2015-03-08 23:49:17 -0700

AbstractController::ActionNotFound (The action 'create' could not be found for UsersController):
  actionpack (4.2.0) lib/abstract_controller/base.rb:132:in `process'
  actionview (4.2.0) lib/action_view/rendering.rb:30:in `process'
  actionpack (4.2.0) lib/action_controller/metal.rb:195:in `dispatch'
  actionpack (4.2.0) lib/action_controller/metal/rack_delegation.rb:13:in `dispatch'
  actionpack (4.2.0) lib/action_controller/metal.rb:236:in `block in action'
  actionpack (4.2.0) lib/action_dispatch/routing/route_set.rb:73:in `call'
  actionpack (4.2.0) lib/action_dispatch/routing/route_set.rb:73:in `dispatch'
  actionpack (4.2.0) lib/action_dispatch/routing/route_set.rb:42:in `serve'
  actionpack (4.2.0) lib/action_dispatch/journey/router.rb:43:in `block in serve'
  actionpack (4.2.0) lib/action_dispatch/journey/router.rb:30:in `each'
  actionpack (4.2.0) lib/action_dispatch/journey/router.rb:30:in `serve'
  actionpack (4.2.0) lib/action_dispatch/routing/route_set.rb:802:in `call'
  rack (1.6.0) lib/rack/etag.rb:24:in `call'
  rack (1.6.0) lib/rack/conditionalget.rb:38:in `call'
  rack (1.6.0) lib/rack/head.rb:13:in `call'
  actionpack (4.2.0) lib/action_dispatch/middleware/params_parser.rb:27:in `call'
  actionpack (4.2.0) lib/action_dispatch/middleware/flash.rb:260:in `call'
  rack (1.6.0) lib/rack/session/abstract/id.rb:225:in `context'
  rack (1.6.0) lib/rack/session/abstract/id.rb:220:in `call'
  actionpack (4.2.0) lib/action_dispatch/middleware/cookies.rb:560:in `call'
  activerecord (4.2.0) lib/active_record/query_cache.rb:36:in `call'
  activerecord (4.2.0) lib/active_record/connection_adapters/abstract/connection_pool.rb:647:in `call'
  activerecord (4.2.0) lib/active_record/migration.rb:378:in `call'
  actionpack (4.2.0) lib/action_dispatch/middleware/callbacks.rb:29:in `block in call'
  activesupport (4.2.0) lib/active_support/callbacks.rb:88:in `call'
  activesupport (4.2.0) lib/active_support/callbacks.rb:88:in `_run_callbacks'
  activesupport (4.2.0) lib/active_support/callbacks.rb:734:in `_run_call_callbacks'
  activesupport (4.2.0) lib/active_support/callbacks.rb:81:in `run_callbacks'
  actionpack (4.2.0) lib/action_dispatch/middleware/callbacks.rb:27:in `call'
  actionpack (4.2.0) lib/action_dispatch/middleware/reloader.rb:73:in `call'
  actionpack (4.2.0) lib/action_dispatch/middleware/remote_ip.rb:78:in `call'
  actionpack (4.2.0) lib/action_dispatch/middleware/debug_exceptions.rb:17:in `call'
  actionpack (4.2.0) lib/action_dispatch/middleware/show_exceptions.rb:30:in `call'
  railties (4.2.0) lib/rails/rack/logger.rb:38:in `call_app'
  railties (4.2.0) lib/rails/rack/logger.rb:20:in `block in call'
  activesupport (4.2.0) lib/active_support/tagged_logging.rb:68:in `block in tagged'
  activesupport (4.2.0) lib/active_support/tagged_logging.rb:26:in `tagged'
  activesupport (4.2.0) lib/active_support/tagged_logging.rb:68:in `tagged'
  railties (4.2.0) lib/rails/rack/logger.rb:20:in `call'
  actionpack (4.2.0) lib/action_dispatch/middleware/request_id.rb:21:in `call'
  rack (1.6.0) lib/rack/methodoverride.rb:22:in `call'
  rack (1.6.0) lib/rack/runtime.rb:18:in `call'
  activesupport (4.2.0) lib/active_support/cache/strategy/local_cache_middleware.rb:28:in `call'
  rack (1.6.0) lib/rack/lock.rb:17:in `call'
  actionpack (4.2.0) lib/action_dispatch/middleware/static.rb:113:in `call'
  rack (1.6.0) lib/rack/sendfile.rb:113:in `call'
  railties (4.2.0) lib/rails/engine.rb:518:in `call'
  railties (4.2.0) lib/rails/application.rb:164:in `call'
  rack (1.6.0) lib/rack/content_length.rb:15:in `call'
  puma (2.9.2) lib/puma/server.rb:490:in `handle_request'
  puma (2.9.2) lib/puma/server.rb:361:in `process_client'
  puma (2.9.2) lib/puma/server.rb:254:in `block in run'
  puma (2.9.2) lib/puma/thread_pool.rb:92:in `call'
  puma (2.9.2) lib/puma/thread_pool.rb:92:in `block in spawn_thread'


  Rendered /Users/andrewjkerr/.rvm/gems/ruby-2.2.0/gems/actionpack-4.2.0/lib/action_dispatch/middleware/templates/rescues/unknown_action.html.erb within rescues/layout (0.7ms)
  [1m[36mActiveRecord::SchemaMigration Load (0.8ms)[0m  [1mSELECT "schema_migrations".* FROM "schema_migrations"[0m
Migrating to AddAdminToUsers (20150309065346)
  [1m[35m (1.0ms)[0m  BEGIN
  [1m[36m (14.8ms)[0m  [1mALTER TABLE "users" ADD "is_admin" boolean[0m
  [1m[35mSQL (2.9ms)[0m  INSERT INTO "schema_migrations" ("version") VALUES ($1)  [["version", "20150309065346"]]
  [1m[36m (2.1ms)[0m  [1mCOMMIT[0m
  [1m[35mActiveRecord::SchemaMigration Load (0.4ms)[0m  SELECT "schema_migrations".* FROM "schema_migrations"
  [1m[36m (8.5ms)[0m  [1mSELECT t2.oid::regclass::text AS to_table, a1.attname AS column, a2.attname AS primary_key, c.conname AS name, c.confupdtype AS on_update, c.confdeltype AS on_delete
FROM pg_constraint c
JOIN pg_class t1 ON c.conrelid = t1.oid
JOIN pg_class t2 ON c.confrelid = t2.oid
JOIN pg_attribute a1 ON a1.attnum = c.conkey[1] AND a1.attrelid = t1.oid
JOIN pg_attribute a2 ON a2.attnum = c.confkey[1] AND a2.attrelid = t2.oid
JOIN pg_namespace t3 ON c.connamespace = t3.oid
WHERE c.contype = 'f'
  AND t1.relname = 'users'
  AND t3.nspname = ANY (current_schemas(false))
ORDER BY c.conname
[0m
  [1m[36mActiveRecord::SchemaMigration Load (0.7ms)[0m  [1mSELECT "schema_migrations".* FROM "schema_migrations"[0m
  [1m[35mActiveRecord::SchemaMigration Load (0.3ms)[0m  SELECT "schema_migrations".* FROM "schema_migrations"
Migrating to AddAdminToUsers (20150309065346)
  [1m[36m (0.2ms)[0m  [1mBEGIN[0m
  [1m[35m (7.9ms)[0m  ALTER TABLE "users" DROP "is_admin"
  [1m[36mSQL (1.0ms)[0m  [1mDELETE FROM "schema_migrations" WHERE "schema_migrations"."version" = $1[0m  [["version", "20150309065346"]]
  [1m[35m (0.6ms)[0m  COMMIT
  [1m[36mActiveRecord::SchemaMigration Load (0.6ms)[0m  [1mSELECT "schema_migrations".* FROM "schema_migrations"[0m
  [1m[35m (9.2ms)[0m  SELECT t2.oid::regclass::text AS to_table, a1.attname AS column, a2.attname AS primary_key, c.conname AS name, c.confupdtype AS on_update, c.confdeltype AS on_delete
FROM pg_constraint c
JOIN pg_class t1 ON c.conrelid = t1.oid
JOIN pg_class t2 ON c.confrelid = t2.oid
JOIN pg_attribute a1 ON a1.attnum = c.conkey[1] AND a1.attrelid = t1.oid
JOIN pg_attribute a2 ON a2.attnum = c.confkey[1] AND a2.attrelid = t2.oid
JOIN pg_namespace t3 ON c.connamespace = t3.oid
WHERE c.contype = 'f'
  AND t1.relname = 'users'
  AND t3.nspname = ANY (current_schemas(false))
ORDER BY c.conname



Started GET "/signup" for ::1 at 2015-03-09 00:03:15 -0700

SyntaxError (/Volumes/Data HDD/Dropbox/Development/sit-ctf/ctf-spring-2015/canihazadmin/app/controllers/users_controller.rb:23: syntax error, unexpected end-of-input, expecting keyword_end):
  app/controllers/users_controller.rb:23: syntax error, unexpected end-of-input, expecting keyword_end


  Rendered /Users/andrewjkerr/.rvm/gems/ruby-2.2.0/gems/actionpack-4.2.0/lib/action_dispatch/middleware/templates/rescues/_source.erb (6.9ms)
  Rendered /Users/andrewjkerr/.rvm/gems/ruby-2.2.0/gems/actionpack-4.2.0/lib/action_dispatch/middleware/templates/rescues/_trace.html.erb (2.3ms)
  Rendered /Users/andrewjkerr/.rvm/gems/ruby-2.2.0/gems/actionpack-4.2.0/lib/action_dispatch/middleware/templates/rescues/_request_and_response.html.erb (1.2ms)
  Rendered /Users/andrewjkerr/.rvm/gems/ruby-2.2.0/gems/actionpack-4.2.0/lib/action_dispatch/middleware/templates/rescues/diagnostics.html.erb within rescues/layout (71.1ms)


Started GET "/signup" for ::1 at 2015-03-09 00:03:17 -0700

SyntaxError (/Volumes/Data HDD/Dropbox/Development/sit-ctf/ctf-spring-2015/canihazadmin/app/controllers/users_controller.rb:23: syntax error, unexpected end-of-input, expecting keyword_end):
  app/controllers/users_controller.rb:23: syntax error, unexpected end-of-input, expecting keyword_end


  Rendered /Users/andrewjkerr/.rvm/gems/ruby-2.2.0/gems/actionpack-4.2.0/lib/action_dispatch/middleware/templates/rescues/_source.erb (4.4ms)
  Rendered /Users/andrewjkerr/.rvm/gems/ruby-2.2.0/gems/actionpack-4.2.0/lib/action_dispatch/middleware/templates/rescues/_trace.html.erb (1.9ms)
  Rendered /Users/andrewjkerr/.rvm/gems/ruby-2.2.0/gems/actionpack-4.2.0/lib/action_dispatch/middleware/templates/rescues/_request_and_response.html.erb (1.2ms)
  Rendered /Users/andrewjkerr/.rvm/gems/ruby-2.2.0/gems/actionpack-4.2.0/lib/action_dispatch/middleware/templates/rescues/diagnostics.html.erb within rescues/layout (62.0ms)


Started GET "/signup" for ::1 at 2015-03-09 00:03:27 -0700
Processing by UsersController#new as HTML
  Rendered shared/_error_messages.html.slim (3.2ms)
  Rendered users/new.html.slim within layouts/application (13.5ms)
Completed 200 OK in 68ms (Views: 59.2ms | ActiveRecord: 2.5ms)


Started GET "/assets/static_pages.css?body=1" for ::1 at 2015-03-09 00:03:27 -0700


Started GET "/assets/users.css?body=1" for ::1 at 2015-03-09 00:03:27 -0700


Started GET "/assets/application.css?body=1" for ::1 at 2015-03-09 00:03:27 -0700


Started GET "/assets/jquery.js?body=1" for ::1 at 2015-03-09 00:03:27 -0700


Started GET "/assets/jquery_ujs.js?body=1" for ::1 at 2015-03-09 00:03:27 -0700


Started GET "/assets/turbolinks.js?body=1" for ::1 at 2015-03-09 00:03:27 -0700


Started GET "/assets/static_pages.js?body=1" for ::1 at 2015-03-09 00:03:27 -0700


Started GET "/assets/users.js?body=1" for ::1 at 2015-03-09 00:03:27 -0700


Started GET "/assets/application.js?body=1" for ::1 at 2015-03-09 00:03:27 -0700


Started POST "/users" for ::1 at 2015-03-09 00:03:37 -0700
Processing by UsersController#create as HTML
  Parameters: {"utf8"=>"✓", "authenticity_token"=>"giqKZnl3rEBuOlw/BE8EBkbXiidCAHeOVzkrBF0nCW/+NztojgwnTdITtLK6cZcK6wMa6l+9dG1XCq3c7V7xpA==", "user"=>{"name"=>"Admin", "email"=>"andrew@blockscore.com", "password"=>"[FILTERED]", "password_confirmation"=>"[FILTERED]"}, "commit"=>"Create my account"}
  [1m[36m (0.2ms)[0m  [1mBEGIN[0m
  [1m[35mUser Exists (0.9ms)[0m  SELECT  1 AS one FROM "users" WHERE "users"."email" = 'andrew@blockscore.com' LIMIT 1
  [1m[36m (0.1ms)[0m  [1mROLLBACK[0m
  Rendered shared/_error_messages.html.slim (0.6ms)
  Rendered users/new.html.slim within layouts/application (3.9ms)
Completed 200 OK in 159ms (Views: 63.9ms | ActiveRecord: 1.2ms)


Started GET "/assets/static_pages.css?body=1" for ::1 at 2015-03-09 00:03:38 -0700


Started GET "/assets/users.css?body=1" for ::1 at 2015-03-09 00:03:38 -0700


Started GET "/assets/application.css?body=1" for ::1 at 2015-03-09 00:03:38 -0700


Started GET "/assets/jquery.js?body=1" for ::1 at 2015-03-09 00:03:38 -0700


Started GET "/assets/jquery_ujs.js?body=1" for ::1 at 2015-03-09 00:03:38 -0700


Started GET "/assets/turbolinks.js?body=1" for ::1 at 2015-03-09 00:03:38 -0700


Started GET "/assets/static_pages.js?body=1" for ::1 at 2015-03-09 00:03:38 -0700


Started GET "/assets/users.js?body=1" for ::1 at 2015-03-09 00:03:38 -0700


Started GET "/assets/application.js?body=1" for ::1 at 2015-03-09 00:03:38 -0700


Started POST "/users" for ::1 at 2015-03-09 00:08:13 -0700
Processing by UsersController#create as HTML
  Parameters: {"utf8"=>"✓", "authenticity_token"=>"GpgHvHCKFDJDR5nxtuJ2MxXr/nFMb7zq5pS30/ZzRxhmhbayh/GfP/9ucXwI3OU/uD9uvFHSvwnmpzELRgq/0w==", "user"=>{"name"=>"Admin", "email"=>"andrew@blockscore.com", "password"=>"[FILTERED]", "password_confirmation"=>"[FILTERED]"}, "commit"=>"Create my account"}
  [1m[35m (0.2ms)[0m  BEGIN
  [1m[36mUser Exists (0.3ms)[0m  [1mSELECT  1 AS one FROM "users" WHERE "users"."email" = 'andrew@blockscore.com' LIMIT 1[0m
  [1m[35mSQL (1.5ms)[0m  INSERT INTO "users" ("name", "email", "password_digest", "created_at", "updated_at") VALUES ($1, $2, $3, $4, $5) RETURNING "id"  [["name", "Admin"], ["email", "andrew@blockscore.com"], ["password_digest", "$2a$10$SIc8PAOpEbMaIFeYXeGk9OhRPW27wEf.57/kaLbSfwcmNN/X9fRM6"], ["created_at", "2015-03-09 07:08:14.082471"], ["updated_at", "2015-03-09 07:08:14.082471"]]
  [1m[36m (0.3ms)[0m  [1mCOMMIT[0m
Redirected to http://localhost:3000/users/1
Completed 302 Found in 98ms (ActiveRecord: 4.9ms)


Started GET "/users/1" for ::1 at 2015-03-09 00:08:14 -0700
Processing by UsersController#show as HTML
  Parameters: {"id"=>"1"}
  [1m[35mUser Load (0.5ms)[0m  SELECT  "users".* FROM "users" WHERE "users"."id" = $1 LIMIT 1  [["id", 1]]
  Rendered users/show.html.slim within layouts/application (2.9ms)
Completed 200 OK in 61ms (Views: 59.5ms | ActiveRecord: 0.5ms)


Started GET "/assets/static_pages.css?body=1" for ::1 at 2015-03-09 00:08:14 -0700


Started GET "/assets/jquery.js?body=1" for ::1 at 2015-03-09 00:08:14 -0700


Started GET "/assets/application.css?body=1" for ::1 at 2015-03-09 00:08:14 -0700


Started GET "/assets/users.css?body=1" for ::1 at 2015-03-09 00:08:14 -0700


Started GET "/assets/jquery_ujs.js?body=1" for ::1 at 2015-03-09 00:08:14 -0700


Started GET "/assets/static_pages.js?body=1" for ::1 at 2015-03-09 00:08:14 -0700


Started GET "/assets/turbolinks.js?body=1" for ::1 at 2015-03-09 00:08:14 -0700


Started GET "/assets/users.js?body=1" for ::1 at 2015-03-09 00:08:14 -0700


Started GET "/assets/application.js?body=1" for ::1 at 2015-03-09 00:08:14 -0700


Started GET "/users/1" for ::1 at 2015-03-09 00:09:01 -0700
Processing by UsersController#show as HTML
  Parameters: {"id"=>"1"}
  [1m[36mUser Load (0.3ms)[0m  [1mSELECT  "users".* FROM "users" WHERE "users"."id" = $1 LIMIT 1[0m  [["id", 1]]
  Rendered users/show.html.slim within layouts/application (3.0ms)
Completed 200 OK in 71ms (Views: 61.3ms | ActiveRecord: 2.5ms)


Started GET "/assets/static_pages.css?body=1" for ::1 at 2015-03-09 00:09:01 -0700


Started GET "/assets/users.css?body=1" for ::1 at 2015-03-09 00:09:01 -0700


Started GET "/assets/application.css?body=1" for ::1 at 2015-03-09 00:09:01 -0700


Started GET "/assets/jquery.js?body=1" for ::1 at 2015-03-09 00:09:01 -0700


Started GET "/assets/jquery_ujs.js?body=1" for ::1 at 2015-03-09 00:09:01 -0700


Started GET "/assets/turbolinks.js?body=1" for ::1 at 2015-03-09 00:09:01 -0700


Started GET "/assets/static_pages.js?body=1" for ::1 at 2015-03-09 00:09:01 -0700


Started GET "/assets/users.js?body=1" for ::1 at 2015-03-09 00:09:01 -0700


Started GET "/assets/application.js?body=1" for ::1 at 2015-03-09 00:09:01 -0700


Started GET "/users/1" for ::1 at 2015-03-09 00:10:16 -0700
Processing by UsersController#show as HTML
  Parameters: {"id"=>"1"}
  [1m[35mUser Load (0.3ms)[0m  SELECT  "users".* FROM "users" WHERE "users"."id" = $1 LIMIT 1  [["id", 1]]
  Rendered users/show.html.slim within layouts/application (0.1ms)
Completed 200 OK in 52ms (Views: 50.8ms | ActiveRecord: 0.3ms)


Started GET "/assets/static_pages.css?body=1" for ::1 at 2015-03-09 00:10:16 -0700


Started GET "/assets/jquery_ujs.js?body=1" for ::1 at 2015-03-09 00:10:16 -0700


Started GET "/assets/users.css?body=1" for ::1 at 2015-03-09 00:10:16 -0700


Started GET "/assets/application.css?body=1" for ::1 at 2015-03-09 00:10:16 -0700


Started GET "/assets/jquery.js?body=1" for ::1 at 2015-03-09 00:10:16 -0700


Started GET "/assets/turbolinks.js?body=1" for ::1 at 2015-03-09 00:10:16 -0700


Started GET "/assets/static_pages.js?body=1" for ::1 at 2015-03-09 00:10:16 -0700


Started GET "/assets/users.js?body=1" for ::1 at 2015-03-09 00:10:16 -0700


Started GET "/assets/application.js?body=1" for ::1 at 2015-03-09 00:10:16 -0700


Started GET "/users/1" for ::1 at 2015-03-09 00:10:30 -0700
Processing by UsersController#show as HTML
  Parameters: {"id"=>"1"}
  [1m[36mUser Load (0.3ms)[0m  [1mSELECT  "users".* FROM "users" WHERE "users"."id" = $1 LIMIT 1[0m  [["id", 1]]
  Rendered users/show.html.slim within layouts/application (0.1ms)
Completed 200 OK in 57ms (Views: 55.9ms | ActiveRecord: 0.3ms)


Started GET "/assets/static_pages.css?body=1" for ::1 at 2015-03-09 00:10:30 -0700


Started GET "/assets/users.css?body=1" for ::1 at 2015-03-09 00:10:30 -0700


Started GET "/assets/jquery.js?body=1" for ::1 at 2015-03-09 00:10:30 -0700


Started GET "/assets/application.css?body=1" for ::1 at 2015-03-09 00:10:30 -0700


Started GET "/assets/turbolinks.js?body=1" for ::1 at 2015-03-09 00:10:30 -0700


Started GET "/assets/jquery_ujs.js?body=1" for ::1 at 2015-03-09 00:10:30 -0700


Started GET "/assets/static_pages.js?body=1" for ::1 at 2015-03-09 00:10:30 -0700


Started GET "/assets/users.js?body=1" for ::1 at 2015-03-09 00:10:30 -0700


Started GET "/assets/application.js?body=1" for ::1 at 2015-03-09 00:10:30 -0700


Started GET "/assets/static_pages.css?body=1" for ::1 at 2015-03-09 00:10:32 -0700


Started GET "/assets/jquery_ujs.js?body=1" for ::1 at 2015-03-09 00:10:32 -0700


Started GET "/assets/users.css?body=1" for ::1 at 2015-03-09 00:10:32 -0700


Started GET "/assets/turbolinks.js?body=1" for ::1 at 2015-03-09 00:10:32 -0700


Started GET "/assets/application.css?body=1" for ::1 at 2015-03-09 00:10:32 -0700


Started GET "/assets/jquery.js?body=1" for ::1 at 2015-03-09 00:10:32 -0700


Started GET "/assets/static_pages.js?body=1" for ::1 at 2015-03-09 00:10:32 -0700


Started GET "/assets/users.js?body=1" for ::1 at 2015-03-09 00:10:32 -0700


Started GET "/assets/application.js?body=1" for ::1 at 2015-03-09 00:10:32 -0700


Started GET "/users/2" for ::1 at 2015-03-09 00:10:35 -0700
Processing by UsersController#show as HTML
  Parameters: {"id"=>"2"}
  [1m[35mUser Load (0.3ms)[0m  SELECT  "users".* FROM "users" WHERE "users"."id" = $1 LIMIT 1  [["id", 2]]
Completed 404 Not Found in 1ms

ActiveRecord::RecordNotFound (Couldn't find User with 'id'=2):
  app/controllers/users_controller.rb:7:in `show'


  Rendered /Users/andrewjkerr/.rvm/gems/ruby-2.2.0/gems/actionpack-4.2.0/lib/action_dispatch/middleware/templates/rescues/_source.erb (6.2ms)
  Rendered /Users/andrewjkerr/.rvm/gems/ruby-2.2.0/gems/actionpack-4.2.0/lib/action_dispatch/middleware/templates/rescues/_trace.html.erb (2.7ms)
  Rendered /Users/andrewjkerr/.rvm/gems/ruby-2.2.0/gems/actionpack-4.2.0/lib/action_dispatch/middleware/templates/rescues/_request_and_response.html.erb (1.0ms)
  Rendered /Users/andrewjkerr/.rvm/gems/ruby-2.2.0/gems/actionpack-4.2.0/lib/action_dispatch/middleware/templates/rescues/diagnostics.html.erb within rescues/layout (63.0ms)


Started GET "/users/" for ::1 at 2015-03-09 00:10:38 -0700

AbstractController::ActionNotFound (The action 'index' could not be found for UsersController):
  actionpack (4.2.0) lib/abstract_controller/base.rb:132:in `process'
  actionview (4.2.0) lib/action_view/rendering.rb:30:in `process'
  actionpack (4.2.0) lib/action_controller/metal.rb:195:in `dispatch'
  actionpack (4.2.0) lib/action_controller/metal/rack_delegation.rb:13:in `dispatch'
  actionpack (4.2.0) lib/action_controller/metal.rb:236:in `block in action'
  actionpack (4.2.0) lib/action_dispatch/routing/route_set.rb:73:in `call'
  actionpack (4.2.0) lib/action_dispatch/routing/route_set.rb:73:in `dispatch'
  actionpack (4.2.0) lib/action_dispatch/routing/route_set.rb:42:in `serve'
  actionpack (4.2.0) lib/action_dispatch/journey/router.rb:43:in `block in serve'
  actionpack (4.2.0) lib/action_dispatch/journey/router.rb:30:in `each'
  actionpack (4.2.0) lib/action_dispatch/journey/router.rb:30:in `serve'
  actionpack (4.2.0) lib/action_dispatch/routing/route_set.rb:802:in `call'
  rack (1.6.0) lib/rack/etag.rb:24:in `call'
  rack (1.6.0) lib/rack/conditionalget.rb:25:in `call'
  rack (1.6.0) lib/rack/head.rb:13:in `call'
  actionpack (4.2.0) lib/action_dispatch/middleware/params_parser.rb:27:in `call'
  actionpack (4.2.0) lib/action_dispatch/middleware/flash.rb:260:in `call'
  rack (1.6.0) lib/rack/session/abstract/id.rb:225:in `context'
  rack (1.6.0) lib/rack/session/abstract/id.rb:220:in `call'
  actionpack (4.2.0) lib/action_dispatch/middleware/cookies.rb:560:in `call'
  activerecord (4.2.0) lib/active_record/query_cache.rb:36:in `call'
  activerecord (4.2.0) lib/active_record/connection_adapters/abstract/connection_pool.rb:647:in `call'
  activerecord (4.2.0) lib/active_record/migration.rb:378:in `call'
  actionpack (4.2.0) lib/action_dispatch/middleware/callbacks.rb:29:in `block in call'
  activesupport (4.2.0) lib/active_support/callbacks.rb:88:in `call'
  activesupport (4.2.0) lib/active_support/callbacks.rb:88:in `_run_callbacks'
  activesupport (4.2.0) lib/active_support/callbacks.rb:734:in `_run_call_callbacks'
  activesupport (4.2.0) lib/active_support/callbacks.rb:81:in `run_callbacks'
  actionpack (4.2.0) lib/action_dispatch/middleware/callbacks.rb:27:in `call'
  actionpack (4.2.0) lib/action_dispatch/middleware/reloader.rb:73:in `call'
  actionpack (4.2.0) lib/action_dispatch/middleware/remote_ip.rb:78:in `call'
  actionpack (4.2.0) lib/action_dispatch/middleware/debug_exceptions.rb:17:in `call'
  actionpack (4.2.0) lib/action_dispatch/middleware/show_exceptions.rb:30:in `call'
  railties (4.2.0) lib/rails/rack/logger.rb:38:in `call_app'
  railties (4.2.0) lib/rails/rack/logger.rb:20:in `block in call'
  activesupport (4.2.0) lib/active_support/tagged_logging.rb:68:in `block in tagged'
  activesupport (4.2.0) lib/active_support/tagged_logging.rb:26:in `tagged'
  activesupport (4.2.0) lib/active_support/tagged_logging.rb:68:in `tagged'
  railties (4.2.0) lib/rails/rack/logger.rb:20:in `call'
  actionpack (4.2.0) lib/action_dispatch/middleware/request_id.rb:21:in `call'
  rack (1.6.0) lib/rack/methodoverride.rb:22:in `call'
  rack (1.6.0) lib/rack/runtime.rb:18:in `call'
  activesupport (4.2.0) lib/active_support/cache/strategy/local_cache_middleware.rb:28:in `call'
  rack (1.6.0) lib/rack/lock.rb:17:in `call'
  actionpack (4.2.0) lib/action_dispatch/middleware/static.rb:113:in `call'
  rack (1.6.0) lib/rack/sendfile.rb:113:in `call'
  railties (4.2.0) lib/rails/engine.rb:518:in `call'
  railties (4.2.0) lib/rails/application.rb:164:in `call'
  rack (1.6.0) lib/rack/content_length.rb:15:in `call'
  puma (2.9.2) lib/puma/server.rb:490:in `handle_request'
  puma (2.9.2) lib/puma/server.rb:361:in `process_client'
  puma (2.9.2) lib/puma/server.rb:254:in `block in run'
  puma (2.9.2) lib/puma/thread_pool.rb:92:in `call'
  puma (2.9.2) lib/puma/thread_pool.rb:92:in `block in spawn_thread'


  Rendered /Users/andrewjkerr/.rvm/gems/ruby-2.2.0/gems/actionpack-4.2.0/lib/action_dispatch/middleware/templates/rescues/unknown_action.html.erb within rescues/layout (0.5ms)


Started GET "/users/1" for ::1 at 2015-03-09 00:14:09 -0700
Processing by UsersController#show as HTML
  Parameters: {"id"=>"1"}
  [1m[36mUser Load (0.3ms)[0m  [1mSELECT  "users".* FROM "users" WHERE "users"."id" = $1 LIMIT 1[0m  [["id", 1]]
  Rendered users/show.html.slim within layouts/application (5.2ms)
Completed 200 OK in 52ms (Views: 50.9ms | ActiveRecord: 0.3ms)


Started GET "/assets/static_pages.css?body=1" for ::1 at 2015-03-09 00:14:09 -0700


Started GET "/assets/users.css?body=1" for ::1 at 2015-03-09 00:14:09 -0700


Started GET "/assets/jquery.js?body=1" for ::1 at 2015-03-09 00:14:09 -0700


Started GET "/assets/turbolinks.js?body=1" for ::1 at 2015-03-09 00:14:09 -0700


Started GET "/assets/application.css?body=1" for ::1 at 2015-03-09 00:14:09 -0700


Started GET "/assets/static_pages.js?body=1" for ::1 at 2015-03-09 00:14:09 -0700


Started GET "/assets/users.js?body=1" for ::1 at 2015-03-09 00:14:09 -0700


Started GET "/assets/jquery_ujs.js?body=1" for ::1 at 2015-03-09 00:14:09 -0700


Started GET "/assets/application.js?body=1" for ::1 at 2015-03-09 00:14:09 -0700


Started GET "/users/1" for ::1 at 2015-03-09 00:20:00 -0700
Processing by UsersController#show as HTML
  Parameters: {"id"=>"1"}
  [1m[35mUser Load (0.1ms)[0m  SELECT  "users".* FROM "users" WHERE "users"."id" = $1 LIMIT 1  [["id", 1]]
  Rendered users/show.html.slim within layouts/application (0.2ms)
Completed 200 OK in 443ms (Views: 433.5ms | ActiveRecord: 2.5ms)


Started GET "/assets/sessions.css?body=1" for ::1 at 2015-03-09 00:20:01 -0700


Started GET "/assets/static_pages.css?body=1" for ::1 at 2015-03-09 00:20:01 -0700


Started GET "/assets/users.css?body=1" for ::1 at 2015-03-09 00:20:01 -0700


Started GET "/assets/application.css?body=1" for ::1 at 2015-03-09 00:20:01 -0700


Started GET "/assets/jquery_ujs.js?body=1" for ::1 at 2015-03-09 00:20:01 -0700


Started GET "/assets/jquery.js?body=1" for ::1 at 2015-03-09 00:20:01 -0700


Started GET "/assets/turbolinks.js?body=1" for ::1 at 2015-03-09 00:20:01 -0700


Started GET "/assets/sessions.js?body=1" for ::1 at 2015-03-09 00:20:01 -0700


Started GET "/assets/static_pages.js?body=1" for ::1 at 2015-03-09 00:20:01 -0700


Started GET "/assets/users.js?body=1" for ::1 at 2015-03-09 00:20:01 -0700


Started GET "/assets/application.js?body=1" for ::1 at 2015-03-09 00:20:01 -0700


Started GET "/login" for ::1 at 2015-03-09 00:20:07 -0700
Processing by SessionsController#new as HTML
  Rendered sessions/new.html.slim within layouts/application (9.6ms)
Completed 200 OK in 82ms (Views: 81.1ms | ActiveRecord: 0.0ms)


Started GET "/assets/static_pages.css?body=1" for ::1 at 2015-03-09 00:20:07 -0700


Started GET "/assets/users.css?body=1" for ::1 at 2015-03-09 00:20:07 -0700


Started GET "/assets/jquery.js?body=1" for ::1 at 2015-03-09 00:20:07 -0700


Started GET "/assets/jquery_ujs.js?body=1" for ::1 at 2015-03-09 00:20:07 -0700


Started GET "/assets/application.css?body=1" for ::1 at 2015-03-09 00:20:07 -0700


Started GET "/assets/turbolinks.js?body=1" for ::1 at 2015-03-09 00:20:07 -0700


Started GET "/assets/static_pages.js?body=1" for ::1 at 2015-03-09 00:20:07 -0700


Started GET "/assets/users.js?body=1" for ::1 at 2015-03-09 00:20:07 -0700


Started GET "/assets/application.js?body=1" for ::1 at 2015-03-09 00:20:07 -0700


Started GET "/login" for ::1 at 2015-03-09 00:20:13 -0700
Processing by SessionsController#new as HTML
  Rendered sessions/new.html.slim within layouts/application (5.6ms)
Completed 200 OK in 72ms (Views: 71.7ms | ActiveRecord: 0.0ms)


Started GET "/assets/sessions.css?body=1" for ::1 at 2015-03-09 00:20:14 -0700


Started GET "/assets/static_pages.css?body=1" for ::1 at 2015-03-09 00:20:14 -0700


Started GET "/assets/jquery.js?body=1" for ::1 at 2015-03-09 00:20:14 -0700


Started GET "/assets/jquery_ujs.js?body=1" for ::1 at 2015-03-09 00:20:14 -0700


Started GET "/assets/users.css?body=1" for ::1 at 2015-03-09 00:20:14 -0700


Started GET "/assets/application.css?body=1" for ::1 at 2015-03-09 00:20:14 -0700


Started GET "/assets/turbolinks.js?body=1" for ::1 at 2015-03-09 00:20:14 -0700


Started GET "/assets/sessions.js?body=1" for ::1 at 2015-03-09 00:20:14 -0700


Started GET "/assets/users.js?body=1" for ::1 at 2015-03-09 00:20:14 -0700


Started GET "/assets/static_pages.js?body=1" for ::1 at 2015-03-09 00:20:14 -0700


Started GET "/assets/application.js?body=1" for ::1 at 2015-03-09 00:20:14 -0700


Started GET "/login" for ::1 at 2015-03-09 00:20:21 -0700
Processing by SessionsController#new as HTML
  Rendered sessions/new.html.slim within layouts/application (6.8ms)
Completed 200 OK in 64ms (Views: 63.5ms | ActiveRecord: 0.0ms)


Started GET "/assets/sessions.css?body=1" for ::1 at 2015-03-09 00:20:21 -0700


Started GET "/assets/static_pages.css?body=1" for ::1 at 2015-03-09 00:20:21 -0700


Started GET "/assets/application.css?body=1" for ::1 at 2015-03-09 00:20:21 -0700


Started GET "/assets/jquery.js?body=1" for ::1 at 2015-03-09 00:20:21 -0700


Started GET "/assets/users.css?body=1" for ::1 at 2015-03-09 00:20:21 -0700


Started GET "/assets/jquery_ujs.js?body=1" for ::1 at 2015-03-09 00:20:21 -0700


Started GET "/assets/turbolinks.js?body=1" for ::1 at 2015-03-09 00:20:21 -0700


Started GET "/assets/sessions.js?body=1" for ::1 at 2015-03-09 00:20:21 -0700


Started GET "/assets/static_pages.js?body=1" for ::1 at 2015-03-09 00:20:21 -0700


Started GET "/assets/users.js?body=1" for ::1 at 2015-03-09 00:20:21 -0700


Started GET "/assets/application.js?body=1" for ::1 at 2015-03-09 00:20:21 -0700


Started GET "/login" for ::1 at 2015-03-09 00:20:30 -0700
Processing by SessionsController#new as HTML
  Rendered sessions/new.html.slim within layouts/application (5.3ms)
Completed 200 OK in 75ms (Views: 74.8ms | ActiveRecord: 0.0ms)


Started GET "/assets/sessions.css?body=1" for ::1 at 2015-03-09 00:20:30 -0700


Started GET "/assets/static_pages.css?body=1" for ::1 at 2015-03-09 00:20:30 -0700


Started GET "/assets/users.css?body=1" for ::1 at 2015-03-09 00:20:30 -0700


Started GET "/assets/application.css?body=1" for ::1 at 2015-03-09 00:20:30 -0700


Started GET "/assets/jquery.js?body=1" for ::1 at 2015-03-09 00:20:30 -0700


Started GET "/assets/turbolinks.js?body=1" for ::1 at 2015-03-09 00:20:30 -0700


Started GET "/assets/jquery_ujs.js?body=1" for ::1 at 2015-03-09 00:20:30 -0700


Started GET "/assets/sessions.js?body=1" for ::1 at 2015-03-09 00:20:30 -0700


Started GET "/assets/static_pages.js?body=1" for ::1 at 2015-03-09 00:20:30 -0700


Started GET "/assets/users.js?body=1" for ::1 at 2015-03-09 00:20:30 -0700


Started GET "/assets/application.js?body=1" for ::1 at 2015-03-09 00:20:30 -0700


Started GET "/login" for ::1 at 2015-03-09 00:21:05 -0700
Processing by SessionsController#new as HTML
  Rendered sessions/new.html.slim within layouts/application (5.6ms)
Completed 200 OK in 64ms (Views: 63.3ms | ActiveRecord: 0.0ms)


Started GET "/assets/sessions.css?body=1" for ::1 at 2015-03-09 00:21:06 -0700


Started GET "/assets/static_pages.css?body=1" for ::1 at 2015-03-09 00:21:06 -0700


Started GET "/assets/application.css?body=1" for ::1 at 2015-03-09 00:21:06 -0700


Started GET "/assets/users.css?body=1" for ::1 at 2015-03-09 00:21:06 -0700


Started GET "/assets/jquery.js?body=1" for ::1 at 2015-03-09 00:21:06 -0700


Started GET "/assets/jquery_ujs.js?body=1" for ::1 at 2015-03-09 00:21:06 -0700


Started GET "/assets/turbolinks.js?body=1" for ::1 at 2015-03-09 00:21:06 -0700


Started GET "/assets/sessions.js?body=1" for ::1 at 2015-03-09 00:21:06 -0700


Started GET "/assets/static_pages.js?body=1" for ::1 at 2015-03-09 00:21:06 -0700


Started GET "/assets/users.js?body=1" for ::1 at 2015-03-09 00:21:06 -0700


Started GET "/assets/application.js?body=1" for ::1 at 2015-03-09 00:21:06 -0700


Started GET "/login" for ::1 at 2015-03-09 00:23:45 -0700
Processing by SessionsController#new as HTML
  Rendered sessions/new.html.slim within layouts/application (1.0ms)
Completed 200 OK in 63ms (Views: 62.6ms | ActiveRecord: 0.0ms)


Started GET "/assets/sessions.css?body=1" for ::1 at 2015-03-09 00:23:45 -0700


Started GET "/assets/static_pages.css?body=1" for ::1 at 2015-03-09 00:23:45 -0700


Started GET "/assets/users.css?body=1" for ::1 at 2015-03-09 00:23:45 -0700


Started GET "/assets/application.css?body=1" for ::1 at 2015-03-09 00:23:45 -0700


Started GET "/assets/jquery.js?body=1" for ::1 at 2015-03-09 00:23:45 -0700


Started GET "/assets/jquery_ujs.js?body=1" for ::1 at 2015-03-09 00:23:45 -0700


Started GET "/assets/turbolinks.js?body=1" for ::1 at 2015-03-09 00:23:45 -0700


Started GET "/assets/sessions.js?body=1" for ::1 at 2015-03-09 00:23:45 -0700


Started GET "/assets/static_pages.js?body=1" for ::1 at 2015-03-09 00:23:45 -0700


Started GET "/assets/users.js?body=1" for ::1 at 2015-03-09 00:23:45 -0700


Started GET "/assets/application.js?body=1" for ::1 at 2015-03-09 00:23:45 -0700


Started POST "/login" for ::1 at 2015-03-09 00:23:55 -0700
Processing by SessionsController#create as HTML
  Parameters: {"utf8"=>"✓", "authenticity_token"=>"OLbU9ZBRt7LkRN+wsYlE9M4ZrEghHD+NnT/mbqf/tOhEq2X7Zyo8v1htNz0Pt9f4Y808hTyhPG6dDGC2F4ZMIw==", "session"=>{"email"=>"asdf@afasdf.com", "password"=>"[FILTERED]"}, "commit"=>"Login"}
  [1m[36mUser Load (0.3ms)[0m  [1mSELECT  "users".* FROM "users" WHERE "users"."email" = $1 LIMIT 1[0m  [["email", "asdf@afasdf.com"]]
  Rendered sessions/new.html.slim within layouts/application (1.2ms)
Completed 200 OK in 66ms (Views: 58.7ms | ActiveRecord: 1.3ms)


Started GET "/assets/sessions.css?body=1" for ::1 at 2015-03-09 00:23:55 -0700


Started GET "/assets/static_pages.css?body=1" for ::1 at 2015-03-09 00:23:55 -0700


Started GET "/assets/jquery.js?body=1" for ::1 at 2015-03-09 00:23:55 -0700


Started GET "/assets/application.css?body=1" for ::1 at 2015-03-09 00:23:55 -0700


Started GET "/assets/users.css?body=1" for ::1 at 2015-03-09 00:23:55 -0700


Started GET "/assets/jquery_ujs.js?body=1" for ::1 at 2015-03-09 00:23:55 -0700


Started GET "/assets/turbolinks.js?body=1" for ::1 at 2015-03-09 00:23:55 -0700


Started GET "/assets/sessions.js?body=1" for ::1 at 2015-03-09 00:23:55 -0700


Started GET "/assets/static_pages.js?body=1" for ::1 at 2015-03-09 00:23:55 -0700


Started GET "/assets/users.js?body=1" for ::1 at 2015-03-09 00:23:55 -0700


Started GET "/assets/application.js?body=1" for ::1 at 2015-03-09 00:23:55 -0700


Started POST "/login" for ::1 at 2015-03-09 00:31:06 -0700
Processing by SessionsController#create as HTML
  Parameters: {"utf8"=>"✓", "authenticity_token"=>"ihLbjGHaxLuwXdTcvDaWPgxcieyv3vqs1oeYDGpLUz32D2qClqFPtgx0PFECCAUyoYgZIbJj+U/WtB7U2jKr9g==", "session"=>{"email"=>"andrew@blockscore.com", "password"=>"[FILTERED]"}, "commit"=>"Login"}
  [1m[35mUser Load (0.3ms)[0m  SELECT  "users".* FROM "users" WHERE "users"."email" = $1 LIMIT 1  [["email", "andrew@blockscore.com"]]
Redirected to http://localhost:3000/users/1
Completed 302 Found in 98ms (ActiveRecord: 3.1ms)


Started GET "/users/1" for ::1 at 2015-03-09 00:31:06 -0700
Processing by UsersController#show as HTML
  Parameters: {"id"=>"1"}
  [1m[36mUser Load (0.5ms)[0m  [1mSELECT  "users".* FROM "users" WHERE "users"."id" = $1 LIMIT 1[0m  [["id", 1]]
  Rendered users/show.html.slim within layouts/application (0.2ms)
Completed 200 OK in 69ms (Views: 67.0ms | ActiveRecord: 0.5ms)


Started GET "/assets/sessions.css?body=1" for ::1 at 2015-03-09 00:31:06 -0700


Started GET "/assets/static_pages.css?body=1" for ::1 at 2015-03-09 00:31:06 -0700


Started GET "/assets/users.css?body=1" for ::1 at 2015-03-09 00:31:06 -0700


Started GET "/assets/application.css?body=1" for ::1 at 2015-03-09 00:31:06 -0700


Started GET "/assets/turbolinks.js?body=1" for ::1 at 2015-03-09 00:31:06 -0700


Started GET "/assets/jquery_ujs.js?body=1" for ::1 at 2015-03-09 00:31:06 -0700


Started GET "/assets/jquery.js?body=1" for ::1 at 2015-03-09 00:31:06 -0700


Started GET "/assets/sessions.js?body=1" for ::1 at 2015-03-09 00:31:06 -0700


Started GET "/assets/static_pages.js?body=1" for ::1 at 2015-03-09 00:31:06 -0700


Started GET "/assets/users.js?body=1" for ::1 at 2015-03-09 00:31:06 -0700


Started GET "/assets/application.js?body=1" for ::1 at 2015-03-09 00:31:06 -0700


Started GET "/assets/sessions.css?body=1" for ::1 at 2015-03-09 00:31:10 -0700


Started GET "/assets/users.css?body=1" for ::1 at 2015-03-09 00:31:10 -0700


Started GET "/assets/static_pages.css?body=1" for ::1 at 2015-03-09 00:31:10 -0700


Started GET "/assets/jquery_ujs.js?body=1" for ::1 at 2015-03-09 00:31:10 -0700


Started GET "/assets/jquery.js?body=1" for ::1 at 2015-03-09 00:31:10 -0700


Started GET "/assets/application.css?body=1" for ::1 at 2015-03-09 00:31:10 -0700


Started GET "/assets/turbolinks.js?body=1" for ::1 at 2015-03-09 00:31:10 -0700


Started GET "/assets/sessions.js?body=1" for ::1 at 2015-03-09 00:31:10 -0700


Started GET "/assets/static_pages.js?body=1" for ::1 at 2015-03-09 00:31:10 -0700


Started GET "/assets/users.js?body=1" for ::1 at 2015-03-09 00:31:10 -0700


Started GET "/assets/application.js?body=1" for ::1 at 2015-03-09 00:31:10 -0700


Started GET "/login" for ::1 at 2015-03-09 00:31:11 -0700
Processing by SessionsController#new as HTML
  Rendered sessions/new.html.slim within layouts/application (1.4ms)
Completed 200 OK in 65ms (Views: 64.0ms | ActiveRecord: 0.0ms)


Started POST "/login" for ::1 at 2015-03-09 00:31:16 -0700
Processing by SessionsController#create as HTML
  Parameters: {"utf8"=>"✓", "authenticity_token"=>"Gl12KhUq1nvEf4QWRuEbS8bpR0ubowyOYtI6mXSf4Y1mQMck4lFddnhWbJv434hHaz3XhoYeD21i4bxBxOYZRg==", "session"=>{"email"=>"andrew@blockscore.com", "password"=>"[FILTERED]"}, "commit"=>"Login"}
  [1m[35mUser Load (0.3ms)[0m  SELECT  "users".* FROM "users" WHERE "users"."email" = $1 LIMIT 1  [["email", "andrew@blockscore.com"]]
Redirected to http://localhost:3000/users/1
Completed 302 Found in 91ms (ActiveRecord: 0.3ms)


Started GET "/users/1" for ::1 at 2015-03-09 00:31:16 -0700
Processing by UsersController#show as HTML
  Parameters: {"id"=>"1"}
  [1m[36mUser Load (0.2ms)[0m  [1mSELECT  "users".* FROM "users" WHERE "users"."id" = $1 LIMIT 1[0m  [["id", 1]]
  Rendered users/show.html.slim within layouts/application (0.1ms)
Completed 200 OK in 68ms (Views: 66.9ms | ActiveRecord: 0.2ms)


Started GET "/assets/static_pages.css?body=1" for ::1 at 2015-03-09 00:31:16 -0700


Started GET "/assets/sessions.css?body=1" for ::1 at 2015-03-09 00:31:16 -0700


Started GET "/assets/users.css?body=1" for ::1 at 2015-03-09 00:31:16 -0700


Started GET "/assets/jquery_ujs.js?body=1" for ::1 at 2015-03-09 00:31:16 -0700


Started GET "/assets/jquery.js?body=1" for ::1 at 2015-03-09 00:31:16 -0700


Started GET "/assets/application.css?body=1" for ::1 at 2015-03-09 00:31:16 -0700


Started GET "/assets/turbolinks.js?body=1" for ::1 at 2015-03-09 00:31:16 -0700


Started GET "/assets/sessions.js?body=1" for ::1 at 2015-03-09 00:31:16 -0700


Started GET "/assets/static_pages.js?body=1" for ::1 at 2015-03-09 00:31:16 -0700


Started GET "/assets/users.js?body=1" for ::1 at 2015-03-09 00:31:16 -0700


Started GET "/assets/application.js?body=1" for ::1 at 2015-03-09 00:31:16 -0700


Started GET "/login" for ::1 at 2015-03-09 00:31:38 -0700
Processing by SessionsController#new as HTML
  Rendered sessions/new.html.slim within layouts/application (1.9ms)
Completed 200 OK in 63ms (Views: 62.1ms | ActiveRecord: 0.0ms)


Started POST "/login" for ::1 at 2015-03-09 00:31:41 -0700
Processing by SessionsController#create as HTML
  Parameters: {"utf8"=>"✓", "authenticity_token"=>"6RHglEsIZDaDjy/gI1X0vjMzWO8iJPgBQRuOCnuOkqqVDFGavHPvOz+mx22da2eynufIIj+Z++JBKAjSy/dqYQ==", "session"=>{"email"=>"andrew@blockscore.com", "password"=>"[FILTERED]"}, "commit"=>"Login"}
  [1m[35mUser Load (0.2ms)[0m  SELECT  "users".* FROM "users" WHERE "users"."email" = $1 LIMIT 1  [["email", "andrew@blockscore.com"]]
Completed 500 Internal Server Error in 92ms

NameError (undefined local variable or method `key' for #<SessionsController:0x007fabc264a2b0>):
  app/controllers/sessions_controller.rb:10:in `create'


  Rendered /Users/andrewjkerr/.rvm/gems/ruby-2.2.0/gems/actionpack-4.2.0/lib/action_dispatch/middleware/templates/rescues/_source.erb (6.0ms)
  Rendered /Users/andrewjkerr/.rvm/gems/ruby-2.2.0/gems/actionpack-4.2.0/lib/action_dispatch/middleware/templates/rescues/_trace.html.erb (3.4ms)
  Rendered /Users/andrewjkerr/.rvm/gems/ruby-2.2.0/gems/actionpack-4.2.0/lib/action_dispatch/middleware/templates/rescues/_request_and_response.html.erb (1.2ms)
  Rendered /Users/andrewjkerr/.rvm/gems/ruby-2.2.0/gems/actionpack-4.2.0/lib/action_dispatch/middleware/templates/rescues/diagnostics.html.erb within rescues/layout (73.8ms)


Started POST "/login" for ::1 at 2015-03-09 00:31:49 -0700
Processing by SessionsController#create as HTML
  Parameters: {"utf8"=>"✓", "authenticity_token"=>"6RHglEsIZDaDjy/gI1X0vjMzWO8iJPgBQRuOCnuOkqqVDFGavHPvOz+mx22da2eynufIIj+Z++JBKAjSy/dqYQ==", "session"=>{"email"=>"andrew@blockscore.com", "password"=>"[FILTERED]"}, "commit"=>"Login"}
  [1m[36mUser Load (0.2ms)[0m  [1mSELECT  "users".* FROM "users" WHERE "users"."email" = $1 LIMIT 1[0m  [["email", "andrew@blockscore.com"]]
Redirected to http://localhost:3000key
Completed 302 Found in 100ms (ActiveRecord: 3.0ms)


Started GET "/login" for ::1 at 2015-03-09 00:31:50 -0700
Processing by SessionsController#new as HTML
  Rendered sessions/new.html.slim within layouts/application (1.7ms)
Completed 200 OK in 63ms (Views: 62.7ms | ActiveRecord: 0.0ms)


Started POST "/login" for ::1 at 2015-03-09 00:31:53 -0700
Processing by SessionsController#create as HTML
  Parameters: {"utf8"=>"✓", "authenticity_token"=>"N3XnAYurSxlV3LAlzJOTnPNDHBzLvMda6BMW8Vx/vc1LaFYPfNDAFOn1WKhyrQCQXpeM0dYBxLnoIJAp7AZFBg==", "session"=>{"email"=>"andrew@blockscore.com", "password"=>"[FILTERED]"}, "commit"=>"Login"}
  [1m[35mUser Load (0.3ms)[0m  SELECT  "users".* FROM "users" WHERE "users"."email" = $1 LIMIT 1  [["email", "andrew@blockscore.com"]]
Redirected to http://localhost:3000key
Completed 302 Found in 83ms (ActiveRecord: 0.3ms)


Started POST "/login" for ::1 at 2015-03-09 00:31:56 -0700
Processing by SessionsController#create as HTML
  Parameters: {"utf8"=>"✓", "authenticity_token"=>"N3XnAYurSxlV3LAlzJOTnPNDHBzLvMda6BMW8Vx/vc1LaFYPfNDAFOn1WKhyrQCQXpeM0dYBxLnoIJAp7AZFBg==", "session"=>{"email"=>"andrew@blockscore.com", "password"=>"[FILTERED]"}, "commit"=>"Login"}
  [1m[36mUser Load (0.2ms)[0m  [1mSELECT  "users".* FROM "users" WHERE "users"."email" = $1 LIMIT 1[0m  [["email", "andrew@blockscore.com"]]
Redirected to http://localhost:3000key
Completed 302 Found in 82ms (ActiveRecord: 0.2ms)


Started POST "/login" for ::1 at 2015-03-09 00:32:19 -0700
Processing by SessionsController#create as HTML
  Parameters: {"utf8"=>"✓", "authenticity_token"=>"N3XnAYurSxlV3LAlzJOTnPNDHBzLvMda6BMW8Vx/vc1LaFYPfNDAFOn1WKhyrQCQXpeM0dYBxLnoIJAp7AZFBg==", "session"=>{"email"=>"andrew@blockscore.com", "password"=>"[FILTERED]"}, "commit"=>"Login"}
  [1m[35mUser Load (0.3ms)[0m  SELECT  "users".* FROM "users" WHERE "users"."email" = $1 LIMIT 1  [["email", "andrew@blockscore.com"]]
Redirected to http://localhost:3000/users/1
Completed 302 Found in 92ms (ActiveRecord: 3.0ms)


Started GET "/users/1" for ::1 at 2015-03-09 00:32:19 -0700
Processing by UsersController#show as HTML
  Parameters: {"id"=>"1"}
  [1m[36mUser Load (0.2ms)[0m  [1mSELECT  "users".* FROM "users" WHERE "users"."id" = $1 LIMIT 1[0m  [["id", 1]]
  Rendered users/show.html.slim within layouts/application (0.2ms)
Completed 200 OK in 64ms (Views: 63.0ms | ActiveRecord: 0.2ms)


Started GET "/assets/sessions.css?body=1" for ::1 at 2015-03-09 00:32:19 -0700


Started GET "/assets/application.css?body=1" for ::1 at 2015-03-09 00:32:19 -0700


Started GET "/assets/jquery_ujs.js?body=1" for ::1 at 2015-03-09 00:32:19 -0700


Started GET "/assets/jquery.js?body=1" for ::1 at 2015-03-09 00:32:19 -0700


Started GET "/assets/static_pages.css?body=1" for ::1 at 2015-03-09 00:32:19 -0700


Started GET "/assets/users.css?body=1" for ::1 at 2015-03-09 00:32:19 -0700


Started GET "/assets/turbolinks.js?body=1" for ::1 at 2015-03-09 00:32:19 -0700


Started GET "/assets/sessions.js?body=1" for ::1 at 2015-03-09 00:32:19 -0700


Started GET "/assets/static_pages.js?body=1" for ::1 at 2015-03-09 00:32:19 -0700


Started GET "/assets/users.js?body=1" for ::1 at 2015-03-09 00:32:19 -0700


Started GET "/assets/application.js?body=1" for ::1 at 2015-03-09 00:32:19 -0700


Started GET "/" for ::1 at 2015-03-09 00:32:32 -0700
Processing by StaticPagesController#home as HTML
  Rendered static_pages/home.html.slim within layouts/application (0.2ms)
Completed 200 OK in 109ms (Views: 108.5ms | ActiveRecord: 0.0ms)


Started GET "/assets/sessions.css?body=1" for ::1 at 2015-03-09 00:32:33 -0700


Started GET "/assets/static_pages.css?body=1" for ::1 at 2015-03-09 00:32:33 -0700


Started GET "/assets/users.css?body=1" for ::1 at 2015-03-09 00:32:33 -0700


Started GET "/assets/jquery_ujs.js?body=1" for ::1 at 2015-03-09 00:32:33 -0700


Started GET "/assets/jquery.js?body=1" for ::1 at 2015-03-09 00:32:33 -0700


Started GET "/assets/application.css?body=1" for ::1 at 2015-03-09 00:32:33 -0700


Started GET "/assets/turbolinks.js?body=1" for ::1 at 2015-03-09 00:32:33 -0700


Started GET "/assets/sessions.js?body=1" for ::1 at 2015-03-09 00:32:33 -0700


Started GET "/assets/static_pages.js?body=1" for ::1 at 2015-03-09 00:32:33 -0700


Started GET "/assets/users.js?body=1" for ::1 at 2015-03-09 00:32:33 -0700


Started GET "/assets/application.js?body=1" for ::1 at 2015-03-09 00:32:33 -0700


Started GET "/" for ::1 at 2015-03-09 00:33:25 -0700
Processing by StaticPagesController#home as HTML
  Rendered static_pages/home.html.slim within layouts/application (15.5ms)
Completed 500 Internal Server Error in 20ms

ActionView::Template::Error (undefined local variable or method `login' for #<#<Class:0x007fabca052620>:0x007fabc3fce5b0>):
    4: 
    5: p
    6:   | Sure, but you better 
    7:   = link_to 'login first!', login
  app/views/static_pages/home.html.slim:7:in `_app_views_static_pages_home_html_slim___1646043705013035000_70187852130560'


  Rendered /Users/andrewjkerr/.rvm/gems/ruby-2.2.0/gems/actionpack-4.2.0/lib/action_dispatch/middleware/templates/rescues/_source.erb (8.2ms)
  Rendered /Users/andrewjkerr/.rvm/gems/ruby-2.2.0/gems/actionpack-4.2.0/lib/action_dispatch/middleware/templates/rescues/_trace.html.erb (3.6ms)
  Rendered /Users/andrewjkerr/.rvm/gems/ruby-2.2.0/gems/actionpack-4.2.0/lib/action_dispatch/middleware/templates/rescues/_request_and_response.html.erb (1.0ms)
  Rendered /Users/andrewjkerr/.rvm/gems/ruby-2.2.0/gems/actionpack-4.2.0/lib/action_dispatch/middleware/templates/rescues/template_error.html.erb within rescues/layout (72.6ms)


Started GET "/" for ::1 at 2015-03-09 00:33:37 -0700
Processing by StaticPagesController#home as HTML
  Rendered static_pages/home.html.slim within layouts/application (3.2ms)
Completed 200 OK in 63ms (Views: 62.7ms | ActiveRecord: 0.0ms)


Started GET "/assets/sessions.css?body=1" for ::1 at 2015-03-09 00:33:37 -0700


Started GET "/assets/static_pages.css?body=1" for ::1 at 2015-03-09 00:33:37 -0700


Started GET "/assets/users.css?body=1" for ::1 at 2015-03-09 00:33:37 -0700


Started GET "/assets/application.css?body=1" for ::1 at 2015-03-09 00:33:37 -0700


Started GET "/assets/jquery_ujs.js?body=1" for ::1 at 2015-03-09 00:33:37 -0700


Started GET "/assets/jquery.js?body=1" for ::1 at 2015-03-09 00:33:37 -0700


Started GET "/assets/turbolinks.js?body=1" for ::1 at 2015-03-09 00:33:37 -0700


Started GET "/assets/sessions.js?body=1" for ::1 at 2015-03-09 00:33:37 -0700


Started GET "/assets/static_pages.js?body=1" for ::1 at 2015-03-09 00:33:37 -0700


Started GET "/assets/users.js?body=1" for ::1 at 2015-03-09 00:33:37 -0700


Started GET "/assets/application.js?body=1" for ::1 at 2015-03-09 00:33:37 -0700


Started GET "/login" for ::1 at 2015-03-09 00:33:41 -0700
Processing by SessionsController#new as HTML
  Rendered sessions/new.html.slim within layouts/application (4.9ms)
Completed 200 OK in 73ms (Views: 72.8ms | ActiveRecord: 0.0ms)
  [1m[36mActiveRecord::SchemaMigration Load (0.4ms)[0m  [1mSELECT "schema_migrations".* FROM "schema_migrations"[0m
Migrating to AddAdminToUsers (20150309073522)
  [1m[35m (0.2ms)[0m  BEGIN
  [1m[36m (30.9ms)[0m  [1mALTER TABLE "users" ADD "is_admin" boolean DEFAULT 'f'[0m
  [1m[35mSQL (0.2ms)[0m  INSERT INTO "schema_migrations" ("version") VALUES ($1)  [["version", "20150309073522"]]
  [1m[36m (3.7ms)[0m  [1mCOMMIT[0m
  [1m[35mActiveRecord::SchemaMigration Load (0.2ms)[0m  SELECT "schema_migrations".* FROM "schema_migrations"
  [1m[36m (4.6ms)[0m  [1mSELECT t2.oid::regclass::text AS to_table, a1.attname AS column, a2.attname AS primary_key, c.conname AS name, c.confupdtype AS on_update, c.confdeltype AS on_delete
FROM pg_constraint c
JOIN pg_class t1 ON c.conrelid = t1.oid
JOIN pg_class t2 ON c.confrelid = t2.oid
JOIN pg_attribute a1 ON a1.attnum = c.conkey[1] AND a1.attrelid = t1.oid
JOIN pg_attribute a2 ON a2.attnum = c.confkey[1] AND a2.attrelid = t2.oid
JOIN pg_namespace t3 ON c.connamespace = t3.oid
WHERE c.contype = 'f'
  AND t1.relname = 'users'
  AND t3.nspname = ANY (current_schemas(false))
ORDER BY c.conname
[0m


Started GET "/login" for ::1 at 2015-03-09 00:37:49 -0700
  [1m[35mActiveRecord::SchemaMigration Load (0.2ms)[0m  SELECT "schema_migrations".* FROM "schema_migrations"
Processing by SessionsController#new as HTML
  Rendered sessions/new.html.slim within layouts/application (1.2ms)
Completed 200 OK in 65ms (Views: 64.8ms | ActiveRecord: 0.0ms)


Started GET "/assets/sessions.css?body=1" for ::1 at 2015-03-09 00:37:49 -0700


Started GET "/assets/static_pages.css?body=1" for ::1 at 2015-03-09 00:37:49 -0700


Started GET "/assets/users.css?body=1" for ::1 at 2015-03-09 00:37:49 -0700


Started GET "/assets/application.css?body=1" for ::1 at 2015-03-09 00:37:49 -0700


Started GET "/assets/jquery.js?body=1" for ::1 at 2015-03-09 00:37:49 -0700


Started GET "/assets/jquery_ujs.js?body=1" for ::1 at 2015-03-09 00:37:49 -0700


Started GET "/assets/turbolinks.js?body=1" for ::1 at 2015-03-09 00:37:49 -0700


Started GET "/assets/sessions.js?body=1" for ::1 at 2015-03-09 00:37:50 -0700


Started GET "/assets/static_pages.js?body=1" for ::1 at 2015-03-09 00:37:50 -0700


Started GET "/assets/users.js?body=1" for ::1 at 2015-03-09 00:37:50 -0700


Started GET "/assets/application.js?body=1" for ::1 at 2015-03-09 00:37:50 -0700


Started POST "/login" for ::1 at 2015-03-09 00:37:55 -0700
Processing by SessionsController#create as HTML
  Parameters: {"utf8"=>"✓", "authenticity_token"=>"eKeL2JoS4+U6zAza0g+I3nG98zC/VSbSW9ywWqXkvEIEujrWbWlo6Ibl5FdsMRvS3Glj/aLoJTFb7zaCFZ1EiQ==", "session"=>{"email"=>"andrew@blockscore.com", "password"=>"[FILTERED]"}, "commit"=>"Login"}
  [1m[36mUser Load (1.0ms)[0m  [1mSELECT  "users".* FROM "users" WHERE "users"."email" = $1 LIMIT 1[0m  [["email", "andrew@blockscore.com"]]
PG::FeatureNotSupported: ERROR:  cached plan must not change result type
: SELECT  "users".* FROM "users" WHERE "users"."email" = $1 LIMIT 1
  [1m[35mUser Load (0.4ms)[0m  SELECT  "users".* FROM "users" WHERE "users"."email" = $1 LIMIT 1  [["email", "andrew@blockscore.com"]]
Redirected to http://localhost:3000/users/1
Completed 302 Found in 94ms (ActiveRecord: 4.0ms)


Started GET "/users/1" for ::1 at 2015-03-09 00:37:55 -0700
Processing by UsersController#show as HTML
  Parameters: {"id"=>"1"}
  [1m[36mUser Load (0.5ms)[0m  [1mSELECT  "users".* FROM "users" WHERE "users"."id" = $1 LIMIT 1[0m  [["id", 1]]
PG::FeatureNotSupported: ERROR:  cached plan must not change result type
: SELECT  "users".* FROM "users" WHERE "users"."id" = $1 LIMIT 1
  [1m[35mUser Load (0.3ms)[0m  SELECT  "users".* FROM "users" WHERE "users"."id" = $1 LIMIT 1  [["id", 1]]
  Rendered users/show.html.slim within layouts/application (3.3ms)
Completed 200 OK in 66ms (Views: 62.2ms | ActiveRecord: 0.9ms)


Started GET "/assets/sessions.css?body=1" for ::1 at 2015-03-09 00:37:55 -0700


Started GET "/assets/static_pages.css?body=1" for ::1 at 2015-03-09 00:37:55 -0700


Started GET "/assets/jquery_ujs.js?body=1" for ::1 at 2015-03-09 00:37:55 -0700


Started GET "/assets/jquery.js?body=1" for ::1 at 2015-03-09 00:37:55 -0700


Started GET "/assets/application.css?body=1" for ::1 at 2015-03-09 00:37:55 -0700


Started GET "/assets/users.css?body=1" for ::1 at 2015-03-09 00:37:55 -0700


Started GET "/assets/turbolinks.js?body=1" for ::1 at 2015-03-09 00:37:55 -0700


Started GET "/assets/sessions.js?body=1" for ::1 at 2015-03-09 00:37:55 -0700


Started GET "/assets/static_pages.js?body=1" for ::1 at 2015-03-09 00:37:55 -0700


Started GET "/assets/users.js?body=1" for ::1 at 2015-03-09 00:37:55 -0700


Started GET "/assets/application.js?body=1" for ::1 at 2015-03-09 00:37:55 -0700
  [1m[36mUser Load (7.3ms)[0m  [1mSELECT  "users".* FROM "users"  ORDER BY "users"."id" DESC LIMIT 1[0m
  [1m[35m (0.2ms)[0m  BEGIN
  [1m[36mUser Exists (1.0ms)[0m  [1mSELECT  1 AS one FROM "users" WHERE ("users"."email" = 'andrew@blockscore.com' AND "users"."id" != 1) LIMIT 1[0m
  [1m[35m (0.5ms)[0m  ROLLBACK
  [1m[36mUser Load (0.9ms)[0m  [1mSELECT  "users".* FROM "users"  ORDER BY "users"."id" DESC LIMIT 1[0m
  [1m[35m (0.2ms)[0m  BEGIN
  [1m[36mUser Exists (0.4ms)[0m  [1mSELECT  1 AS one FROM "users" WHERE ("users"."email" = 'andrew@blockscore.com' AND "users"."id" != 1) LIMIT 1[0m
  [1m[35m (0.2ms)[0m  ROLLBACK
  [1m[36mUser Load (0.6ms)[0m  [1mSELECT  "users".* FROM "users"  ORDER BY "users"."id" DESC LIMIT 1[0m
  [1m[35m (0.2ms)[0m  BEGIN
  [1m[36mUser Exists (0.3ms)[0m  [1mSELECT  1 AS one FROM "users" WHERE ("users"."email" = 'andrew@blockscore.com' AND "users"."id" != 1) LIMIT 1[0m
  [1m[35mSQL (0.3ms)[0m  UPDATE "users" SET "is_admin" = $1, "updated_at" = $2 WHERE "users"."id" = $3  [["is_admin", "t"], ["updated_at", "2015-03-09 07:39:11.809190"], ["id", 1]]
  [1m[36m (0.4ms)[0m  [1mCOMMIT[0m


Started GET "/users/1" for ::1 at 2015-03-09 00:39:14 -0700
Processing by UsersController#show as HTML
  Parameters: {"id"=>"1"}
  [1m[36mUser Load (0.4ms)[0m  [1mSELECT  "users".* FROM "users" WHERE "users"."id" = $1 LIMIT 1[0m  [["id", 1]]
  Rendered users/show.html.slim within layouts/application (0.3ms)
Completed 200 OK in 86ms (Views: 73.8ms | ActiveRecord: 2.9ms)


Started GET "/assets/sessions.css?body=1" for ::1 at 2015-03-09 00:39:14 -0700


Started GET "/assets/static_pages.css?body=1" for ::1 at 2015-03-09 00:39:14 -0700


Started GET "/assets/users.css?body=1" for ::1 at 2015-03-09 00:39:14 -0700


Started GET "/assets/application.css?body=1" for ::1 at 2015-03-09 00:39:14 -0700


Started GET "/assets/jquery_ujs.js?body=1" for ::1 at 2015-03-09 00:39:14 -0700


Started GET "/assets/jquery.js?body=1" for ::1 at 2015-03-09 00:39:14 -0700


Started GET "/assets/turbolinks.js?body=1" for ::1 at 2015-03-09 00:39:14 -0700


Started GET "/assets/sessions.js?body=1" for ::1 at 2015-03-09 00:39:14 -0700


Started GET "/assets/static_pages.js?body=1" for ::1 at 2015-03-09 00:39:14 -0700


Started GET "/assets/users.js?body=1" for ::1 at 2015-03-09 00:39:14 -0700


Started GET "/assets/application.js?body=1" for ::1 at 2015-03-09 00:39:14 -0700


Started GET "/login" for ::1 at 2015-03-09 00:39:37 -0700
Processing by SessionsController#new as HTML
  Rendered sessions/new.html.slim within layouts/application (1.1ms)
Completed 200 OK in 69ms (Views: 68.6ms | ActiveRecord: 0.0ms)


Started GET "/" for ::1 at 2015-03-09 00:39:38 -0700
Processing by StaticPagesController#home as HTML
  Rendered static_pages/home.html.slim within layouts/application (5.1ms)
Completed 200 OK in 78ms (Views: 77.1ms | ActiveRecord: 0.0ms)
